<?xml version="1.0" encoding="UTF-8"?>
<testng-results skipped="0" failed="0" total="1" passed="1">
  <reporter-output>
  </reporter-output>
  <suite name="Default suite" duration-ms="13799" started-at="2017-04-09T06:44:08Z" finished-at="2017-04-09T06:44:22Z">
    <groups>
    </groups>
    <test name="Default test" duration-ms="13799" started-at="2017-04-09T06:44:08Z" finished-at="2017-04-09T06:44:22Z">
      <class name="dealDetails.Entry">
        <test-method status="PASS" signature="testEntry()[pri:0, instance:dealDetails.Entry@af7cc2]" name="testEntry" duration-ms="13771" started-at="2017-04-09T12:14:08Z" finished-at="2017-04-09T12:14:22Z">
          <reporter-output>
          </reporter-output>
        </test-method> <!-- testEntry -->
      </class> <!-- dealDetails.Entry -->
    </test> <!-- Default test -->
  </suite> <!-- Default suite -->
</testng-results>
